{"date":"2019:03:30 12:21:21","len":27,"payload":[0,1,97,30,0,0,124,52,68,192,175,202,1,122,173,66,89,119,54,126,142,171,8,146,171,8,6]}
{"date":"2019:03:30 12:21:21","len":64,"payload":[0,1,97,30,0,0,126,52,68,0,176,202,1,122,173,66,123,24,62,126,146,171,8,150,171,8,160,68,0,76,160,52,158,98,12,110,173,62,132,0,160,66,0,150,224,4,1,12,76,98,31,15,35,145,157,86,160,255,144,237,132,0,4,24]}
{"date":"2019:03:30 12:21:21","len":56,"payload":[0,1,0,36,112,80,82,57,75,54,122,99,109,118,57,56,109,74,70,109,0,6,0,32,85,119,49,122,77,57,110,52,84,50,73,82,51,100,56,49,79,65,97,74,75,77,101,51,103,49,87,65,111,78,121,108]}
{"date":"2019:03:30 12:21:21","len":69,"payload":[0,1,97,30,0,0,128,52,68,64,176,202,1,122,173,66,119,194,69,126,150,171,8,154,171,8,224,65,0,119,96,49,72,180,204,11,64,0,101,184,20,130,176,223,0,0,21,2,176,4,39,8,96,96,106,4,249,63,136,236,180,2,253,135,100,251,3,32,192]}
{"date":"2019:03:30 12:21:21","len":92,"payload":[0,1,97,30,0,0,130,52,68,128,176,202,1,122,173,66,89,146,77,126,154,171,8,158,171,8,0,1,196,224,50,1,88,181,188,123,146,126,184,112,61,10,124,188,30,133,235,121,192,88,146,77,126,0,160,68,0,76,160,52,158,98,12,22,98,62,132,0,160,66,0,150,224,4,1,12,204,176,33,47,236,144,157,86,160,255,208,235,122,0,4,24]}
{"date":"2019:03:30 12:21:21","len":68,"payload":[1,1,0,48,98,81,68,85,109,70,114,78,54,77,104,55,47,50,51,110,0,6,0,32,79,65,97,74,75,77,101,51,103,49,87,65,111,78,121,108,85,119,49,122,77,57,110,52,84,50,73,82,51,100,56,49,0,1,0,8,0,1,199,215,176,15,163,178]}
{"date":"2019:03:30 12:21:21","len":41,"payload":[0,1,97,30,0,0,132,52,68,192,176,202,1,122,173,66,191,120,85,126,158,171,8,162,171,8,160,68,0,76,160,52,158,98,12,164,60,62,132,0,6]}
{"date":"2019:03:30 12:21:21","len":64,"payload":[0,1,97,30,0,0,134,52,68,0,177,202,1,122,173,66,127,41,93,126,162,171,8,166,171,8,160,68,0,76,160,52,158,98,12,200,22,62,132,0,160,66,0,150,224,4,1,12,204,41,36,127,189,144,157,86,160,255,112,112,151,0,4,24]}
{"date":"2019:03:30 12:21:21","len":53,"payload":[0,1,97,30,0,0,136,52,68,64,177,202,1,122,173,66,175,242,100,126,166,171,8,170,171,8,224,65,0,59,96,49,72,157,4,15,64,0,80,34,0,38,80,26,79,49,6,199,248,30,66,0,3]}
{"date":"2019:03:30 12:21:21","len":64,"payload":[0,1,97,30,0,0,138,52,68,128,177,202,1,122,173,66,71,148,108,126,170,171,8,174,171,8,160,68,0,76,160,52,158,98,12,206,203,61,132,0,160,66,0,150,224,4,1,12,204,201,38,63,153,144,157,86,160,255,48,243,174,0,4,24]}
{"date":"2019:03:30 12:21:21","len":64,"payload":[0,1,97,30,0,0,140,52,68,192,177,202,1,122,173,66,69,98,116,126,174,171,8,178,171,8,160,68,0,76,160,52,158,98,12,48,166,61,132,0,160,66,0,150,224,4,1,12,204,36,40,63,138,144,157,86,160,255,16,244,184,0,4,24]}
{"date":"2019:03:30 12:21:21","len":27,"payload":[0,1,97,30,0,0,142,52,68,0,178,202,1,122,173,66,83,40,124,126,178,171,8,182,171,8,6]}
{"date":"2019:03:30 12:21:21","len":83,"payload":[0,1,97,30,0,0,144,52,68,64,178,202,1,122,173,66,93,227,131,126,182,171,8,186,171,8,160,68,0,76,160,52,158,98,12,36,91,61,132,0,224,65,0,59,96,49,72,70,64,18,64,0,80,33,0,105,112,130,0,6,102,115,149,207,56,200,78,43,208,127,168,122,100,0,2,84,0,83,8,130,252,63,192]}
{"date":"2019:03:30 12:21:21","len":72,"payload":[0,1,97,30,0,0,146,52,68,128,178,202,1,122,173,66,81,133,139,126,186,171,8,190,171,8,160,68,0,76,160,52,158,98,12,110,53,61,132,0,160,66,0,210,224,4,1,12,204,77,44,111,103,144,157,86,160,255,176,245,207,0,4,168,0,166,16,4,249,127,128,1]}
{"date":"2019:03:30 12:21:21","len":27,"payload":[0,1,97,30,0,0,148,52,68,192,178,202,1,122,173,66,23,140,147,126,190,171,8,194,171,8,6]}
{"date":"2019:03:30 12:21:21","len":64,"payload":[0,1,97,30,0,0,150,52,68,0,179,202,1,122,173,66,61,46,155,126,194,171,8,198,171,8,160,68,0,76,160,52,158,98,12,124,234,60,132,0,160,66,0,150,224,4,1,12,76,29,47,159,86,144,157,86,160,255,48,246,218,0,4,24]}
{"date":"2019:03:30 12:21:21","len":62,"payload":[0,1,97,30,0,0,152,52,68,64,179,202,1,122,173,66,115,26,163,126,198,171,8,202,171,8,224,65,0,59,96,49,72,63,156,24,64,0,80,33,0,75,112,130,0,6,166,68,152,215,39,200,78,43,208,127,56,123,111,0,2,12]}
{"date":"2019:03:30 12:21:21","len":229,"payload":[0,1,97,30,0,0,154,52,68,128,179,202,1,122,173,66,177,188,170,126,80,5,24,106,76,56,138,64,222,33,116,3,0,0,112,20,214,86,86,100,87,230,70,231,50,53,246,38,87,86,100,87,230,70,231,50,20,214,6,87,38,231,114,84,230,86,38,23,70,247,38,55,181,150,198,198,54,132,86,54,182,54,85,55,54,86,54,55,7,0,0,0,0,176,199,5,0,0,0,240,7,0,17,240,172,132,132,97,8,98,13,66,55,0,0,0,71,97,109,101,69,118,101,110,116,46,83,99,111,114,101,69,118,101,110,116,46,67,97,109,112,101,114,46,71,101,110,101,114,97,116,111,114,83,107,105,108,108,67,104,101,99,107,83,117,99,99,101,115,115,0,0,0,0,0,0,0,72,66,24,33,128,17,213,3,120,70,72,196,44,99,31,9,34,0,90,81,1,41,71,188,181,1,0,0,127,246,184,40,175,34,56,175,34,128,18,1,48,129,210,120,138,49,32,124,242,16,2,24]}
{"date":"2019:03:30 12:21:21","len":72,"payload":[0,1,97,30,0,0,156,52,68,64,180,90,7,206,10,168,135,2,1,0,0,0,0,0,0,0,0,0,0,0,0,0,0,0,0,0,0,0,0,0,0,0,56,175,34,72,175,34,128,10,1,88,130,19,4,48,48,137,205,124,16,65,118,90,129,254,195,218,153,3,16,96]}
{"date":"2019:03:30 12:21:21","len":29,"payload":[0,1,97,30,0,0,158,180,244,42,130,245,42,2,40,17,0,19,40,141,167,24,3,251,20,15,33,128,1]}
{"date":"2019:03:30 12:21:21","len":50,"payload":[0,1,97,30,0,0,160,180,245,42,130,246,42,2,168,16,128,37,56,65,0,3,51,143,205,187,14,100,167,21,232,63,180,253,58,0,1,224,65,0,59,96,49,72,199,30,26,64,0,3]}
{"date":"2019:03:30 12:21:21","len":26,"payload":[0,1,97,30,0,0,162,52,40,17,0,19,40,141,167,24,3,46,2,15,33,128,246,42,130,1]}
{"date":"2019:03:30 12:21:21","len":38,"payload":[0,1,97,30,0,0,164,180,247,42,130,248,42,2,168,16,128,37,56,65,0,3,179,69,206,231,12,100,167,21,232,63,188,253,59,0,1,6]}
{"date":"2019:03:30 12:21:21","len":32,"payload":[0,1,97,30,0,0,166,180,247,42,130,248,42,130,249,42,2,40,17,0,19,40,141,167,24,131,95,239,14,33,128,1]}
{"date":"2019:03:30 12:21:21","len":64,"payload":[0,1,97,30,0,0,168,180,249,42,130,250,42,2,168,16,128,37,56,65,0,3,51,253,206,103,11,100,167,21,232,63,188,189,60,0,1,224,65,0,59,96,49,72,117,44,33,64,0,80,34,0,38,80,26,79,49,6,7,204,29,66,0,3]}
{"date":"2019:03:30 12:21:21","len":38,"payload":[0,1,97,30,0,0,170,180,250,42,130,251,42,2,168,16,128,37,56,65,0,3,243,88,207,191,10,100,167,21,232,63,188,253,60,0,1,6]}
{"date":"2019:03:30 12:21:21","len":29,"payload":[0,1,97,30,0,0,172,180,251,42,130,252,42,2,40,17,0,19,40,141,167,24,3,67,211,14,33,128,1]}
{"date":"2019:03:30 12:21:21","len":50,"payload":[0,1,97,30,0,0,174,180,252,42,130,253,42,2,168,16,128,37,56,65,0,3,211,15,208,155,9,100,167,21,232,63,196,125,61,0,1,224,65,0,59,96,49,72,29,95,36,64,0,3]}
{"date":"2019:03:30 12:21:21","len":29,"payload":[0,1,97,30,0,0,176,180,253,42,130,254,42,2,40,17,0,19,40,141,167,24,3,105,192,14,33,128,1]}
{"date":"2019:03:30 12:21:21","len":52,"payload":[0,1,97,30,0,0,178,180,254,42,130,255,42,2,168,16,128,37,56,65,0,3,51,198,208,119,7,100,167,21,232,63,164,93,56,0,1,160,68,0,76,160,52,158,98,12,70,220,58,132,0,6]}
{"date":"2019:03:30 12:21:21","len":15,"payload":[0,1,97,30,0,0,180,180,255,42,130,0,43,130,1]}
{"date":"2019:03:30 12:21:21","len":64,"payload":[0,1,97,30,0,0,182,180,0,43,130,1,43,2,168,16,128,37,56,65,0,3,211,119,209,99,1,100,167,21,232,63,36,125,47,0,1,160,68,0,76,160,52,158,98,12,202,144,58,132,0,224,65,0,59,96,49,72,109,153,39,64,0,3]}
{"date":"2019:03:30 12:21:21","len":15,"payload":[0,1,97,30,0,0,184,180,1,43,130,2,43,130,1]}
{"date":"2019:03:30 12:21:21","len":56,"payload":[0,1,0,36,50,75,73,75,89,82,80,50,118,118,74,70,78,47,114,53,0,6,0,32,85,119,49,122,77,57,110,52,84,50,73,82,51,100,56,49,79,65,97,74,75,77,101,51,103,49,87,65,111,78,121,108]}
{"date":"2019:03:30 12:21:21","len":59,"payload":[0,1,97,30,0,0,186,180,2,43,130,3,43,2,168,16,128,52,56,65,0,3,83,33,210,95,248,99,167,21,232,63,132,28,41,0,1,42,128,41,4,65,254,31,0,74,4,192,4,74,227,41,198,160,84,164,67,8,96]}
{"date":"2019:03:30 12:21:21","len":57,"payload":[0,1,97,30,0,0,188,180,3,43,130,4,43,2,168,16,128,48,24,31,3,243,113,210,27,243,99,167,21,8,52,156,38,0,1,42,128,41,4,65,30,0,0,74,4,192,4,74,227,41,198,160,0,162,67,8,96]}
{"date":"2019:03:30 12:21:21","len":68,"payload":[1,1,0,48,66,83,54,54,47,47,110,76,83,53,101,75,90,73,83,65,0,6,0,32,79,65,97,74,75,77,101,51,103,49,87,65,111,78,121,108,85,119,49,122,77,57,110,52,84,50,73,82,51,100,56,49,0,1,0,8,0,1,199,215,176,15,163,178]}
{"date":"2019:03:30 12:21:21","len":26,"payload":[0,1,97,30,0,0,190,180,4,43,130,5,43,2,120,16,192,14,88,12,210,250,17,11,16,192]}
{"date":"2019:03:30 12:21:21","len":57,"payload":[0,1,97,30,0,0,192,180,5,43,130,6,43,2,168,16,128,48,24,31,3,179,14,211,75,231,99,167,21,8,172,219,34,0,1,42,128,41,4,65,30,0,0,74,4,192,4,74,227,41,198,224,80,157,67,8,96]}
{"date":"2019:03:30 12:21:21","len":15,"payload":[0,1,97,30,0,0,194,180,6,43,130,7,43,130,1]}
{"date":"2019:03:30 12:21:21","len":57,"payload":[0,1,97,30,0,0,196,180,7,43,130,8,43,2,168,16,128,48,24,31,3,243,165,211,71,218,99,167,21,8,60,91,32,0,1,42,128,41,4,65,30,0,0,74,4,192,4,74,227,41,198,192,157,152,67,8,96]}
{"date":"2019:03:30 12:21:21","len":55,"payload":[0,1,97,30,0,0,198,180,8,43,130,9,43,2,168,16,128,48,24,31,3,83,239,211,123,211,99,167,21,8,12,91,31,0,1,42,128,41,4,65,30,0,0,30,4,176,3,22,131,84,121,251,2,4,48]}
{"date":"2019:03:30 12:21:21","len":29,"payload":[0,1,97,30,0,0,200,180,9,43,130,10,43,2,40,17,0,19,40,141,167,24,131,167,79,14,33,128,1]}
{"date":"2019:03:30 12:21:21","len":45,"payload":[0,1,97,30,0,0,202,180,10,43,130,11,43,2,168,16,128,52,56,65,0,3,147,127,212,87,197,99,167,21,104,0,196,218,29,0,1,42,128,41,4,65,62,0,96]}
{"date":"2019:03:30 12:21:21","len":29,"payload":[0,1,97,30,0,0,204,180,11,43,130,12,43,2,40,17,0,19,40,141,167,24,131,228,60,14,33,128,1]}
{"date":"2019:03:30 12:21:21","len":50,"payload":[0,1,97,30,0,0,206,180,12,43,130,13,43,2,168,16,128,37,56,65,0,3,147,13,213,159,182,99,167,21,104,0,140,186,28,0,1,224,65,0,59,96,49,72,202,88,51,64,0,3]}
{"date":"2019:03:30 12:21:21","len":29,"payload":[0,1,97,30,0,0,208,180,13,43,130,14,43,2,40,17,0,19,40,141,167,24,131,20,42,14,33,128,1]}
{"date":"2019:03:30 12:21:21","len":59,"payload":[0,1,97,30,0,0,210,180,14,43,130,15,43,2,168,16,128,52,56,65,0,3,83,152,213,159,167,99,167,21,104,0,100,250,27,0,1,42,128,41,4,65,62,0,0,74,4,192,4,74,227,41,198,64,42,136,67,8,96]}
{"date":"2019:03:30 12:21:21","len":29,"payload":[0,1,97,30,0,0,212,180,15,43,130,16,43,2,40,17,0,19,40,141,167,24,131,75,23,14,33,128,1]}
{"date":"2019:03:30 12:21:21","len":57,"payload":[0,1,97,30,0,0,214,180,16,43,130,17,43,2,168,16,128,52,56,65,0,3,211,32,214,123,152,99,167,21,104,0,68,122,27,0,1,42,128,41,4,65,62,0,0,30,4,176,3,22,131,68,113,155,3,4,48]}
{"date":"2019:03:30 12:21:21","len":52,"payload":[0,1,97,30,0,0,216,180,17,43,130,18,43,2,40,17,0,19,40,141,167,24,3,137,4,14,33,0,168,16,128,37,56,65,0,3,83,101,214,199,144,99,167,21,104,0,60,90,27,0,1,6]}
{"date":"2019:03:30 12:21:21","len":15,"payload":[0,1,97,30,0,0,218,180,18,43,130,19,43,130,1]}
{"date":"2019:03:30 12:21:21","len":52,"payload":[0,1,97,30,0,0,220,180,19,43,130,20,43,2,168,16,128,37,56,65,0,3,51,237,214,83,129,99,167,21,104,0,44,250,26,0,1,160,68,0,76,160,52,158,98,12,228,198,55,132,0,6]}
{"date":"2019:03:30 12:21:21","len":64,"payload":[0,1,97,30,0,0,222,180,20,43,130,21,43,2,168,16,128,37,56,65,0,3,243,48,215,139,121,99,167,21,104,0,36,218,26,0,1,224,65,0,59,96,49,72,224,244,60,64,0,80,34,0,38,80,26,79,49,6,156,208,27,66,0,3]}
{"date":"2019:03:30 12:21:21","len":38,"payload":[0,1,97,30,0,0,224,180,21,43,130,22,43,2,168,16,128,37,56,65,0,3,83,116,215,203,113,99,167,21,104,0,28,218,26,0,1,6]}
{"date":"2019:03:30 12:21:21","len":52,"payload":[0,1,97,30,0,0,226,180,22,43,130,23,43,2,40,17,0,19,40,141,167,24,131,134,213,13,33,0,168,16,128,37,56,65,0,3,147,189,215,223,106,99,167,21,104,0,252,250,30,0,1,6]}
{"date":"2019:03:30 12:21:21","len":15,"payload":[0,1,97,30,0,0,228,180,23,43,130,24,43,130,1]}
{"date":"2019:03:30 12:21:21","len":64,"payload":[0,1,97,30,0,0,230,180,24,43,130,25,43,2,168,16,128,37,56,65,0,3,179,92,216,123,95,99,167,21,104,0,52,156,38,0,1,160,68,0,76,160,52,158,98,12,238,10,55,132,0,224,65,0,59,96,49,72,217,208,65,64,0,3]}
{"date":"2019:03:30 12:21:21","len":29,"payload":[0,1,97,30,0,0,232,180,25,43,130,26,43,2,40,17,0,19,40,141,167,24,131,77,185,13,33,128,1]}
{"date":"2019:03:30 12:21:21","len":52,"payload":[0,1,97,30,0,0,234,180,26,43,130,27,43,2,168,16,128,37,56,65,0,3,147,6,217,227,86,99,167,21,104,0,236,252,44,0,1,160,68,0,76,160,52,158,98,12,214,191,54,132,0,6]}
{"date":"2019:03:30 12:21:21","len":29,"payload":[0,1,97,30,0,0,236,180,27,43,130,28,43,2,40,17,0,19,40,141,167,24,131,136,166,13,33,128,1]}
{"date":"2019:03:30 12:21:21","len":64,"payload":[0,1,97,30,0,0,238,180,28,43,130,29,43,2,168,16,128,37,56,65,0,3,179,182,217,135,80,99,167,21,104,0,76,253,49,0,1,224,65,0,59,96,49,72,49,128,69,64,0,80,34,0,38,80,26,79,49,6,95,58,27,66,0,3]}
{"date":"2019:03:30 12:21:21","len":60,"payload":[0,1,97,30,0,0,240,180,29,43,130,30,43,2,144,193,8,88,6,137,7,0,84,8,192,18,156,32,128,129,105,8,237,255,166,177,211,10,52,0,182,14,26,128,0,80,34,0,38,80,26,79,49,6,115,39,27,66,0,3]}
